1597925821295	geckodriver	INFO	Listening on 127.0.0.1:64916
1597925821324	mozrunner::runner	INFO	Running command: "/Applications/Firefox.app/Contents/MacOS/firefox-bin" "--marionette" "-foreground" "-no-remote" "-profile" "/var/folders/by/qpqb3h4x28s2d61k6g8td6v80000gn/T/rust_mozprofileRWcngN"
console.error: SearchCache: "_readCacheFile: Error reading cache file:" (new Error("", "(unknown module)"))
1597925823566	Marionette	INFO	Listening on port 64925
1597925823622	Marionette	WARN	TLS certificate errors will be ignored for this session
1597926190300	geckodriver	INFO	Listening on 127.0.0.1:65020
1597926191316	mozrunner::runner	INFO	Running command: "/Applications/Firefox.app/Contents/MacOS/firefox-bin" "--marionette" "-foreground" "-no-remote" "-profile" "/var/folders/by/qpqb3h4x28s2d61k6g8td6v80000gn/T/rust_mozprofiley1xxgs"
console.error: SearchCache: "_readCacheFile: Error reading cache file:" (new Error("", "(unknown module)"))
1597926193469	Marionette	INFO	Listening on port 65028
1597926193566	Marionette	WARN	TLS certificate errors will be ignored for this session
1597926230111	geckodriver	INFO	Listening on 127.0.0.1:65084
1597926230118	mozrunner::runner	INFO	Running command: "/Applications/Firefox.app/Contents/MacOS/firefox-bin" "--marionette" "-foreground" "-no-remote" "-profile" "/var/folders/by/qpqb3h4x28s2d61k6g8td6v80000gn/T/rust_mozprofileJLZ2y3"
console.error: SearchCache: "_readCacheFile: Error reading cache file:" (new Error("", "(unknown module)"))
1597926232143	Marionette	INFO	Listening on port 65089
1597926232166	Marionette	WARN	TLS certificate errors will be ignored for this session
1597926308023	geckodriver	INFO	Listening on 127.0.0.1:65148
1597926308029	mozrunner::runner	INFO	Running command: "/Applications/Firefox.app/Contents/MacOS/firefox-bin" "--marionette" "-foreground" "-no-remote" "-profile" "/var/folders/by/qpqb3h4x28s2d61k6g8td6v80000gn/T/rust_mozprofile0PgAk6"
console.error: SearchCache: "_readCacheFile: Error reading cache file:" (new Error("", "(unknown module)"))
1597926310015	Marionette	INFO	Listening on port 65153
1597926310087	Marionette	WARN	TLS certificate errors will be ignored for this session
1597926375052	Marionette	INFO	Stopped listening on port 64925
1597926382127	Marionette	INFO	Stopped listening on port 65028
1597926385503	Marionette	INFO	Stopped listening on port 65089
1597926388384	Marionette	INFO	Stopped listening on port 65153
1597927368206	geckodriver	INFO	Listening on 127.0.0.1:65368
1597927369220	mozrunner::runner	INFO	Running command: "/Applications/Firefox.app/Contents/MacOS/firefox-bin" "--marionette" "-foreground" "-no-remote" "-profile" "/var/folders/by/qpqb3h4x28s2d61k6g8td6v80000gn/T/rust_mozprofile4TdkM3"
console.error: SearchCache: "_readCacheFile: Error reading cache file:" (new Error("", "(unknown module)"))
1597927371077	Marionette	INFO	Listening on port 65376
1597927371172	Marionette	WARN	TLS certificate errors will be ignored for this session
1597927372203	Marionette	INFO	Stopped listening on port 65376
JavaScript error: https://maps.googleapis.com/maps/api/js?client=google-maps-embed&paint_origin=&libraries=geometry,search&v=3.exp&language=en_GB&region=in&callback=onApiLoad, line 97: Error: Could not load "search_impl".
1597929287131	geckodriver	INFO	Listening on 127.0.0.1:49174
1597929287138	mozrunner::runner	INFO	Running command: "/Applications/Firefox.app/Contents/MacOS/firefox-bin" "--marionette" "-foreground" "-no-remote" "-profile" "/var/folders/by/qpqb3h4x28s2d61k6g8td6v80000gn/T/rust_mozprofile9Ro5R4"
console.error: SearchCache: "_readCacheFile: Error reading cache file:" (new Error("", "(unknown module)"))
1597929288996	Marionette	INFO	Listening on port 49179
1597929289127	Marionette	WARN	TLS certificate errors will be ignored for this session
1597929290231	Marionette	INFO	Stopped listening on port 49179
1597929330432	geckodriver	INFO	Listening on 127.0.0.1:49256
1597929331448	mozrunner::runner	INFO	Running command: "/Applications/Firefox.app/Contents/MacOS/firefox-bin" "--marionette" "-foreground" "-no-remote" "-profile" "/var/folders/by/qpqb3h4x28s2d61k6g8td6v80000gn/T/rust_mozprofile0QVaEh"
console.error: SearchCache: "_readCacheFile: Error reading cache file:" (new Error("", "(unknown module)"))
1597929333263	Marionette	INFO	Listening on port 49263
1597929333304	Marionette	WARN	TLS certificate errors will be ignored for this session
1597929334072	Marionette	INFO	Stopped listening on port 49263
JavaScript error: https://maps.googleapis.com/maps/api/js?client=google-maps-embed&paint_origin=&libraries=geometry,search&v=3.exp&language=en_GB&region=in&callback=onApiLoad, line 97: Error: Could not load "search_impl".
